  main.cpp
C:\Program Files (x86)\Microsoft Visual Studio\2017\Community\Common7\IDE\VC\VCTargets\Microsoft.CppBuild.targets(1202,5): warning MSB8012: TargetPath(O:\rendering\x64\Release\rendering.dll) no coincide con el valor de la propiedad OutputFile de Linker (D:\Desarrollo\Offline-renderer-v1\esqueleto_practica1\bin\x64\Release\rendering.dll). Esto puede hacer que el proyecto no se compile correctamente. Para solucionar este problema, asegúrese de que los valores de propiedad $(OutDir), $(TargetName) y $(TargetExt) coinciden con el valor especificado en %(Link.OutputFile).
     Creando biblioteca ./deploy/x64/Release/rendering.lib y objeto ./deploy/x64/Release/rendering.exp
  Generando código
  2 of 2717 functions ( 0.1%) were compiled, the rest were copied from previous compilation.
    0 functions were new in current compilation
    1 functions had inline decision re-evaluated but remain unchanged
  Generación de código finalizada
ass_parser.obj : warning LNK4020: un registro de tipo de 'o:\rendering\x64\release\vc141.pdb' está dañado; puede que algunos símbolos y tipos no sean accesibles desde el depurador
camera.obj : warning LNK4020: un registro de tipo de 'o:\rendering\x64\release\vc141.pdb' está dañado; puede que algunos símbolos y tipos no sean accesibles desde el depurador
halton.obj : warning LNK4020: un registro de tipo de 'o:\rendering\x64\release\vc141.pdb' está dañado; puede que algunos símbolos y tipos no sean accesibles desde el depurador
area_light.obj : warning LNK4020: un registro de tipo de 'o:\rendering\x64\release\vc141.pdb' está dañado; puede que algunos símbolos y tipos no sean accesibles desde el depurador
point_light.obj : warning LNK4020: un registro de tipo de 'o:\rendering\x64\release\vc141.pdb' está dañado; puede que algunos símbolos y tipos no sean accesibles desde el depurador
main.obj : warning LNK4020: un registro de tipo de 'o:\rendering\x64\release\vc141.pdb' está dañado; puede que algunos símbolos y tipos no sean accesibles desde el depurador
ma_writer.obj : warning LNK4020: un registro de tipo de 'o:\rendering\x64\release\vc141.pdb' está dañado; puede que algunos símbolos y tipos no sean accesibles desde el depurador
random_helpers.obj : warning LNK4020: un registro de tipo de 'o:\rendering\x64\release\vc141.pdb' está dañado; puede que algunos símbolos y tipos no sean accesibles desde el depurador
reporter.obj : warning LNK4020: un registro de tipo de 'o:\rendering\x64\release\vc141.pdb' está dañado; puede que algunos símbolos y tipos no sean accesibles desde el depurador
libglog_static.lib(logging.obj) : warning LNK4099: no se encontró PDB 'libglog_static.pdb' con 'libglog_static.lib(logging.obj)' o en 'O:\rendering\x64\Release\libglog_static.pdb'; se vinculará el objeto sin tener en cuenta información de depuración
libglog_static.lib(vlog_is_on.obj) : warning LNK4099: no se encontró PDB 'libglog_static.pdb' con 'libglog_static.lib(vlog_is_on.obj)' o en 'O:\rendering\x64\Release\libglog_static.pdb'; se vinculará el objeto sin tener en cuenta información de depuración
libglog_static.lib(raw_logging.obj) : warning LNK4099: no se encontró PDB 'libglog_static.pdb' con 'libglog_static.lib(raw_logging.obj)' o en 'O:\rendering\x64\Release\libglog_static.pdb'; se vinculará el objeto sin tener en cuenta información de depuración
libglog_static.lib(utilities.obj) : warning LNK4099: no se encontró PDB 'libglog_static.pdb' con 'libglog_static.lib(utilities.obj)' o en 'O:\rendering\x64\Release\libglog_static.pdb'; se vinculará el objeto sin tener en cuenta información de depuración
libglog_static.lib(port.obj) : warning LNK4099: no se encontró PDB 'libglog_static.pdb' con 'libglog_static.lib(port.obj)' o en 'O:\rendering\x64\Release\libglog_static.pdb'; se vinculará el objeto sin tener en cuenta información de depuración
  rendering.vcxproj -> O:\rendering\x64\Release\rendering.dll
  Ya existe el subdirectorio o el archivo D:\Desarrollo\Offline-renderer-v1\esqueleto_practica1\deploy.
  Ya existe el subdirectorio o el archivo D:\Desarrollo\Offline-renderer-v1\esqueleto_practica1\deploy\x64.
  Ya existe el subdirectorio o el archivo D:\Desarrollo\Offline-renderer-v1\esqueleto_practica1\deploy\x64\Release.
  D:\Desarrollo\Offline-renderer-v1\esqueleto_practica1\bin\x64\Release\rendering.dll
  1 archivo(s) copiado(s)
  D:\Desarrollo\Offline-renderer-v1\esqueleto_practica1\bin\x64\Release\rendering.dll
  1 archivo(s) copiado(s)
