o:\rendering\x64\release\vc141.pdb
o:\rendering\x64\release\reporter.obj
o:\rendering\x64\release\ma_writer.obj
o:\rendering\x64\release\main.obj
o:\rendering\x64\release\point_light.obj
o:\rendering\x64\release\area_light.obj
o:\rendering\x64\release\camera.obj
o:\rendering\x64\release\ass_parser.obj
d:\desarrollo\offline-renderer-v1\esqueleto_practica1\bin\x64\release\rendering.dll
o:\rendering\x64\release\rendering.pdb
d:\desarrollo\offline-renderer-v1\esqueleto_practica1\deploy\x64\release\rendering.lib
d:\desarrollo\offline-renderer-v1\esqueleto_practica1\deploy\x64\release\rendering.exp
o:\rendering\x64\release\rendering.tlog\cl.command.1.tlog
o:\rendering\x64\release\rendering.tlog\cl.read.1.tlog
o:\rendering\x64\release\rendering.tlog\cl.write.1.tlog
o:\rendering\x64\release\rendering.tlog\link.command.1.tlog
o:\rendering\x64\release\rendering.tlog\link.delete.1.tlog
o:\rendering\x64\release\rendering.tlog\link.read.1.tlog
o:\rendering\x64\release\rendering.tlog\link.write.1.tlog
o:\rendering\x64\release\rendering.tlog\rendering.write.1u.tlog
